<?xml version="1.0" encoding="UTF-8"?>
<!-- Generated by org.testng.reporters.JUnitReportReporter -->
<testsuite skipped="1" hostname="User-PC" name="ruf.ruf1.ruf" tests="2" failures="0" timestamp="16 Mar 2018 14:28:53 GMT" time="1.505" errors="0">
  <testcase name="test1" time="1.505" classname="ruf.ruf1.ruf"/>
  <testcase name="test2" classname="ruf.ruf1.ruf">
    <skipped/>
  </testcase> <!-- test2 -->
</testsuite> <!-- ruf.ruf1.ruf -->
