<?xml version="1.0" encoding="UTF-8"?>
<!-- Generated by org.testng.reporters.JUnitReportReporter -->
<testsuite skipped="0" hostname="User-PC" name="crmpro.login" tests="1" failures="0" timestamp="29 Mar 2018 09:19:03 GMT" time="7.186" errors="0">
  <testcase name="login" time="7.186" classname="crmpro.login"/>
</testsuite> <!-- crmpro.login -->
