<?xml version="1.0" encoding="UTF-8"?>
<!-- Generated by org.testng.reporters.JUnitReportReporter -->
<testsuite skipped="0" hostname="User-PC" name="ruf.ruf1.Ruf2" tests="2" failures="0" timestamp="22 Mar 2018 12:59:03 GMT" time="22.937" errors="0">
  <testcase name="QuickCreate" time="14.228" classname="ruf.ruf1.Ruf2"/>
  <testcase name="logout" time="8.709" classname="ruf.ruf1.Ruf2"/>
</testsuite> <!-- ruf.ruf1.Ruf2 -->
