<?xml version="1.0" encoding="UTF-8"?>
<!-- Generated by org.testng.reporters.JUnitReportReporter -->
<testsuite skipped="0" hostname="User-PC" name="group.group" tests="3" failures="0" timestamp="05 Mar 2018 11:54:13 GMT" time="0.035" errors="0">
  <testcase name="lion" time="0.023" classname="group.group"/>
  <testcase name="mango" time="0.007" classname="group.group"/>
  <testcase name="tiger" time="0.005" classname="group.group"/>
</testsuite> <!-- group.group -->
