<?xml version="1.0" encoding="UTF-8"?>
<!-- Generated by org.testng.reporters.JUnitReportReporter -->
<testsuite skipped="0" hostname="User-PC" name="ruf.ruf1.ruf" tests="1" failures="0" timestamp="02 Mar 2018 11:40:38 GMT" time="13.097" errors="0">
  <testcase name="ruf" time="13.097" classname="ruf.ruf1.ruf"/>
</testsuite> <!-- ruf.ruf1.ruf -->
