<?xml version="1.0" encoding="UTF-8"?>
<!-- Generated by org.testng.reporters.JUnitReportReporter -->
<testsuite skipped="0" hostname="User-PC" name="ruf.ruf1.ruf" tests="1" failures="0" timestamp="07 Mar 2018 09:21:55 GMT" time="2.108" errors="0">
  <testcase name="test2" time="2.108" classname="ruf.ruf1.ruf"/>
</testsuite> <!-- ruf.ruf1.ruf -->
